#
# There is insufficient memory for the Java Runtime Environment to continue.
# Native memory allocation (mmap) failed to map 134217728 bytes for G1 virtual space
# Possible reasons:
#   The system is out of physical RAM or swap space
#   The process is running with CompressedOops enabled, and the Java Heap may be blocking the growth of the native heap
# Possible solutions:
#   Reduce memory load on the system
#   Increase physical memory or swap space
#   Check if swap backing store is full
#   Decrease Java heap size (-Xmx/-Xms)
#   Decrease number of Java threads
#   Decrease Java thread stack sizes (-Xss)
#   Set larger code cache with -XX:ReservedCodeCacheSize=
#   JVM is running with Unscaled Compressed Oops mode in which the Java heap is
#     placed in the first 4GB address space. The Java Heap base address is the
#     maximum limit for the native heap growth. Please use -XX:HeapBaseMinAddress
#     to set the Java Heap base and to place the Java Heap above 4GB virtual address.
# This output file may be truncated or incomplete.
#
#  Out of Memory Error (os_windows.cpp:3769), pid=13396, tid=2792
#
# JRE version:  (17.0.6+10) (build )
# Java VM: OpenJDK 64-Bit Server VM (17.0.6+10-b829.5, mixed mode, sharing, tiered, compressed oops, compressed class ptrs, g1 gc, windows-amd64)
# No core dump will be written. Minidumps are not enabled by default on client versions of Windows
#

---------------  S U M M A R Y ------------

Command Line: -Djava.rmi.server.hostname=127.0.0.1 -Duser.timezone=UTC -Xmx750m -Xms128m --add-exports=java.desktop/sun.awt=ALL-UNNAMED --add-exports=java.desktop/java.awt.peer=ALL-UNNAMED --add-opens=java.desktop/java.awt=ALL-UNNAMED --add-opens=jdk.unsupported/sun.misc=ALL-UNNAMED --add-opens=java.base/java.nio=ALL-UNNAMED --add-opens=java.base/java.util=ALL-UNNAMED -Dfile.encoding=UTF-8 com.intellij.database.remote.RemoteJdbcServer com.mysql.cj.jdbc.Driver

Host: AMD FX(tm)-8320 Eight-Core Processor           , 8 cores, 7G,  Windows 10 , 64 bit Build 19041 (10.0.19041.2913)
Time: Fri Jun  9 08:31:19 2023  Windows 10 , 64 bit Build 19041 (10.0.19041.2913) elapsed time: 0.013684 seconds (0d 0h 0m 0s)

---------------  T H R E A D  ---------------

Current thread (0x000001e51abab100):  JavaThread "Unknown thread" [_thread_in_vm, id=2792, stack(0x000000b7c0b00000,0x000000b7c0c00000)]

Stack: [0x000000b7c0b00000,0x000000b7c0c00000]
Native frames: (J=compiled Java code, j=interpreted, Vv=VM code, C=native code)
V  [jvm.dll+0x683b4a]
V  [jvm.dll+0x842654]
V  [jvm.dll+0x843dfe]
V  [jvm.dll+0x844463]
V  [jvm.dll+0x249b75]
V  [jvm.dll+0x680a19]
V  [jvm.dll+0x674f0a]
V  [jvm.dll+0x309acb]
V  [jvm.dll+0x310f86]
V  [jvm.dll+0x3608ee]
V  [jvm.dll+0x360b1f]
V  [jvm.dll+0x2dfbf8]
V  [jvm.dll+0x2e0b64]
V  [jvm.dll+0x813f41]
V  [jvm.dll+0x36e6a1]
V  [jvm.dll+0x7f347c]
V  [jvm.dll+0x3f0e8f]
V  [jvm.dll+0x3f29d1]
C  [jli.dll+0x526b]
C  [ucrtbase.dll+0x21bb2]
C  [KERNEL32.DLL+0x17614]
C  [ntdll.dll+0x526a1]


---------------  P R O C E S S  ---------------

Threads class SMR info:
_java_thread_list=0x00007ffeadffc058, length=0, elements={
}

Java Threads: ( => current thread )

Other Threads:
  0x000001e51abdf980 GCTaskThread "GC Thread#0" [stack: 0x000000b7c0c00000,0x000000b7c0d00000] [id=10460]
  0x000001e51abe6ba0 ConcurrentGCThread "G1 Main Marker" [stack: 0x000000b7c0d00000,0x000000b7c0e00000] [id=14728]
  0x000001e51abe7c60 ConcurrentGCThread "G1 Conc#0" [stack: 0x000000b7c0e00000,0x000000b7c0f00000] [id=15096]

[error occurred during error reporting (printing all threads), id 0xc0000005, EXCEPTION_ACCESS_VIOLATION (0xc0000005) at pc=0x00007ffead7b0797]

VM state: not at safepoint (not fully initialized)

VM Mutex/Monitor currently owned by a thread:  ([mutex/lock_event])
[0x000001e51aba5c70] Heap_lock - owner thread: 0x000001e51abab100

Heap address: 0x00000000d1200000, size: 750 MB, Compressed Oops mode: 32-bit

CDS archive(s) mapped at: [0x0000000000000000-0x0000000000000000-0x0000000000000000), size 0, SharedBaseAddress: 0x0000000800000000, ArchiveRelocationMode: 0.
Narrow klass base: 0x0000000000000000, Narrow klass shift: 0, Narrow klass range: 0x0

GC Precious Log:
<Empty>

Heap:
 garbage-first heap   total 0K, used 0K [0x00000000d1200000, 0x0000000100000000)
  region size 1024K, 0 young (0K), 0 survivors (0K)

[error occurred during error reporting (printing heap information), id 0xc0000005, EXCEPTION_ACCESS_VIOLATION (0xc0000005) at pc=0x00007ffeadb9d939]

GC Heap History (0 events):
No events

Dll operation events (1 events):
Event: 0.008 Loaded shared library C:\Program Files\JetBrains\PhpStorm 2023.1\jbr\bin\java.dll

Deoptimization events (0 events):
No events

Classes unloaded (0 events):
No events

Classes redefined (0 events):
No events

Internal exceptions (0 events):
No events

VM Operations (0 events):
No events

Events (0 events):
No events


Dynamic libraries:
0x00007ff7bf110000 - 0x00007ff7bf11a000 	C:\Program Files\JetBrains\PhpStorm 2023.1\jbr\bin\java.exe
0x00007fff04bb0000 - 0x00007fff04da8000 	C:\WINDOWS\SYSTEM32\ntdll.dll
0x00007fff04110000 - 0x00007fff041cf000 	C:\WINDOWS\System32\KERNEL32.DLL
0x00007fff02290000 - 0x00007fff02586000 	C:\WINDOWS\System32\KERNELBASE.dll
0x00007fff02b10000 - 0x00007fff02c10000 	C:\WINDOWS\System32\ucrtbase.dll
0x00007ffead060000 - 0x00007ffead077000 	C:\Program Files\JetBrains\PhpStorm 2023.1\jbr\bin\jli.dll
0x00007fff02c10000 - 0x00007fff02dad000 	C:\WINDOWS\System32\USER32.dll
0x00007ffef7650000 - 0x00007ffef766b000 	C:\Program Files\JetBrains\PhpStorm 2023.1\jbr\bin\VCRUNTIME140.dll
0x00007fff02590000 - 0x00007fff025b2000 	C:\WINDOWS\System32\win32u.dll
0x00007ffefb5a0000 - 0x00007ffefb83a000 	C:\WINDOWS\WinSxS\amd64_microsoft.windows.common-controls_6595b64144ccf1df_6.0.19041.1110_none_60b5254171f9507e\COMCTL32.dll
0x00007fff049c0000 - 0x00007fff049ec000 	C:\WINDOWS\System32\GDI32.dll
0x00007fff02ee0000 - 0x00007fff02f7e000 	C:\WINDOWS\System32\msvcrt.dll
0x00007fff02950000 - 0x00007fff02a65000 	C:\WINDOWS\System32\gdi32full.dll
0x00007fff02a70000 - 0x00007fff02b0d000 	C:\WINDOWS\System32\msvcp_win.dll
0x00007fff04ad0000 - 0x00007fff04b00000 	C:\WINDOWS\System32\IMM32.DLL
0x00007ffef7640000 - 0x00007ffef764c000 	C:\Program Files\JetBrains\PhpStorm 2023.1\jbr\bin\vcruntime140_1.dll
0x00007ffedc1c0000 - 0x00007ffedc24d000 	C:\Program Files\JetBrains\PhpStorm 2023.1\jbr\bin\msvcp140.dll
0x00007ffead4c0000 - 0x00007ffeae12d000 	C:\Program Files\JetBrains\PhpStorm 2023.1\jbr\bin\server\jvm.dll
0x00007fff03e80000 - 0x00007fff03f2f000 	C:\WINDOWS\System32\ADVAPI32.dll
0x00007fff02f80000 - 0x00007fff0301c000 	C:\WINDOWS\System32\sechost.dll
0x00007fff02db0000 - 0x00007fff02ed6000 	C:\WINDOWS\System32\RPCRT4.dll
0x00007ffee10f0000 - 0x00007ffee10f9000 	C:\WINDOWS\SYSTEM32\WSOCK32.dll
0x00007ffefb980000 - 0x00007ffefb9a7000 	C:\WINDOWS\SYSTEM32\WINMM.dll
0x00007fff04b00000 - 0x00007fff04b6b000 	C:\WINDOWS\System32\WS2_32.dll
0x00007ffefc540000 - 0x00007ffefc54a000 	C:\WINDOWS\SYSTEM32\VERSION.dll
0x00007fff00170000 - 0x00007fff00182000 	C:\WINDOWS\SYSTEM32\kernel.appcore.dll
0x00007ffed5ed0000 - 0x00007ffed5eda000 	C:\Program Files\JetBrains\PhpStorm 2023.1\jbr\bin\jimage.dll
0x00007ffef4d70000 - 0x00007ffef4f54000 	C:\WINDOWS\SYSTEM32\DBGHELP.DLL
0x00007ffef4d30000 - 0x00007ffef4d64000 	C:\WINDOWS\SYSTEM32\dbgcore.DLL
0x00007fff028c0000 - 0x00007fff02942000 	C:\WINDOWS\System32\bcryptPrimitives.dll
0x00007ffead490000 - 0x00007ffead4b5000 	C:\Program Files\JetBrains\PhpStorm 2023.1\jbr\bin\java.dll

dbghelp: loaded successfully - version: 4.0.5 - missing functions: none
symbol engine: initialized successfully - sym options: 0x614 - pdb path: .;C:\Program Files\JetBrains\PhpStorm 2023.1\jbr\bin;C:\WINDOWS\SYSTEM32;C:\WINDOWS\WinSxS\amd64_microsoft.windows.common-controls_6595b64144ccf1df_6.0.19041.1110_none_60b5254171f9507e;C:\Program Files\JetBrains\PhpStorm 2023.1\jbr\bin\server

VM Arguments:
jvm_args: -Djava.rmi.server.hostname=127.0.0.1 -Duser.timezone=UTC -Xmx750m -Xms128m --add-exports=java.desktop/sun.awt=ALL-UNNAMED --add-exports=java.desktop/java.awt.peer=ALL-UNNAMED --add-opens=java.desktop/java.awt=ALL-UNNAMED --add-opens=jdk.unsupported/sun.misc=ALL-UNNAMED --add-opens=java.base/java.nio=ALL-UNNAMED --add-opens=java.base/java.util=ALL-UNNAMED -Dfile.encoding=UTF-8 
java_command: com.intellij.database.remote.RemoteJdbcServer com.mysql.cj.jdbc.Driver
java_class_path (initial): C:\Program Files\JetBrains\PhpStorm 2023.1\lib\util_rt.jar;C:\Program Files\JetBrains\PhpStorm 2023.1\lib\util-8.jar;C:\Program Files\JetBrains\PhpStorm 2023.1\lib\groovy.jar;C:\Program Files\JetBrains\PhpStorm 2023.1\plugins\DatabaseTools\lib\jdbc-console.jar;C:\Program Files\JetBrains\PhpStorm 2023.1\plugins\grid-core-impl\lib\jdbc-console-types.jar;C:\Program Files\JetBrains\PhpStorm 2023.1\lib\util.jar;C:\Users\Андрей\AppData\Roaming\JetBrains\PhpStorm2023.1\jdbc-drivers\MySQL ConnectorJ\8.0.25\mysql-connector-java-8.0.25.jar
Launcher Type: SUN_STANDARD

[Global flags]
     intx CICompilerCount                          = 4                                         {product} {ergonomic}
     uint ConcGCThreads                            = 2                                         {product} {ergonomic}
     uint G1ConcRefinementThreads                  = 8                                         {product} {ergonomic}
   size_t G1HeapRegionSize                         = 1048576                                   {product} {ergonomic}
    uintx GCDrainStackTargetSize                   = 64                                        {product} {ergonomic}
   size_t InitialHeapSize                          = 134217728                                 {product} {command line}
   size_t MarkStackSize                            = 4194304                                   {product} {ergonomic}
   size_t MaxHeapSize                              = 786432000                                 {product} {command line}
   size_t MinHeapDeltaBytes                        = 1048576                                   {product} {ergonomic}
   size_t MinHeapSize                              = 134217728                                 {product} {command line}
    uintx NonNMethodCodeHeapSize                   = 5839372                                {pd product} {ergonomic}
    uintx NonProfiledCodeHeapSize                  = 122909434                              {pd product} {ergonomic}
    uintx ProfiledCodeHeapSize                     = 122909434                              {pd product} {ergonomic}
    uintx ReservedCodeCacheSize                    = 251658240                              {pd product} {ergonomic}
     bool SegmentedCodeCache                       = true                                      {product} {ergonomic}
   size_t SoftMaxHeapSize                          = 786432000                              {manageable} {ergonomic}
     bool UseCompressedClassPointers               = true                           {product lp64_product} {ergonomic}
     bool UseCompressedOops                        = true                           {product lp64_product} {ergonomic}
     bool UseG1GC                                  = true                                      {product} {ergonomic}
     bool UseLargePagesIndividualAllocation        = false                                  {pd product} {ergonomic}

Logging:
Log output configuration:
 #0: stdout all=warning uptime,level,tags
 #1: stderr all=off uptime,level,tags

Environment Variables:
PATH=C:\Program Files (x86)\Common Files\Oracle\Java\javapath;C:\WINDOWS\system32;C:\WINDOWS;C:\WINDOWS\System32\Wbem;C:\WINDOWS\System32\WindowsPowerShell\v1.0\;C:\WINDOWS\System32\OpenSSH\;C:\Program Files\nodejs\;C:\php-8.2.1-nts-Win32-vs16-x64;C:\ProgramData\ComposerSetup\bin;C:\Program Files\Git\cmd;C:\Program Files\Cloudflare\Cloudflare WARP\;C:\Program Files\dotnet\;C:\Program Files\MATLAB\R2022b\bin;;C:\Program Files\Docker\Docker\resources\bin;C:\Program Files (x86)\NVIDIA Corporation\PhysX\Common;C:\Program Files\NVIDIA Corporation\NVIDIA NvDLISR;C:\Users\Андрей\AppData\Local\Microsoft\WindowsApps;C:\Users\Андрей\AppData\Roaming\npm;C:\Users\Андрей\AppData\Roaming\Composer\vendor\bin;C:\Users\Андрей\php-8.2.1-nts-Win32-vs16-x64;C:\Users\Андрей\AppData\Roaming\Python\Python311\Scripts;C:\Program Files\JetBrains\PyCharm Community Edition 2022.3.2\bin;;C:\Users\Андрей\AppData\Local\Programs\Microsoft VS Code\bin;C:\Program Files\JetBrains\PhpStorm 2023.1\bin;;C:\Users\Андрей\AppData\Local\GitHubDesktop\bin;C:\ghcup\bin
USERNAME=Андрей
OS=Windows_NT
PROCESSOR_IDENTIFIER=AMD64 Family 21 Model 2 Stepping 0, AuthenticAMD
TMP=C:\Users\A4F7~1\AppData\Local\Temp
TEMP=C:\Users\A4F7~1\AppData\Local\Temp



---------------  S Y S T E M  ---------------

OS:
 Windows 10 , 64 bit Build 19041 (10.0.19041.2913)
OS uptime: 1 days 10:38 hours

CPU: total 8 (initial active 8) (8 cores per cpu, 1 threads per core) family 21 model 2 stepping 0 microcode 0x0, cx8, cmov, fxsr, mmx, 3dnowpref, sse, sse2, sse3, ssse3, sse4a, sse4.1, sse4.2, popcnt, lzcnt, tsc, tscinvbit, avx, aes, clmul, bmi1, fma, vzeroupper, clflush

Memory: 4k page, system-wide physical 8091M (1187M free)
TotalPageFile size 8091M (AvailPageFile size 98M)
current process WorkingSet (physical memory assigned to process): 10M, peak: 10M
current process commit charge ("private bytes"): 59M, peak: 187M

vm_info: OpenJDK 64-Bit Server VM (17.0.6+10-b829.5) for windows-amd64 JRE (17.0.6+10-b829.5), built on 2023-02-24 by "builduser" with MS VC++ 16.10 / 16.11 (VS2019)

END.
